#! /bin/sh
# Generated automatically by configure.
# Run this file to recreate the current configuration.
# This directory was configured as follows,
# on host pentium.home.cz:
#
# ./configure 
#
# Compiler output produced by configure, useful for debugging
# configure, is in ./config.log if it exists.

ac_cs_usage="Usage: ./config.status [--recheck] [--version] [--help]"
for ac_option
do
  case "$ac_option" in
  -recheck | --recheck | --rechec | --reche | --rech | --rec | --re | --r)
    echo "running ${CONFIG_SHELL-/bin/sh} ./configure  --no-create --no-recursion"
    exec ${CONFIG_SHELL-/bin/sh} ./configure  --no-create --no-recursion ;;
  -version | --version | --versio | --versi | --vers | --ver | --ve | --v)
    echo "./config.status generated by autoconf version 2.12"
    exit 0 ;;
  -help | --help | --hel | --he | --h)
    echo "$ac_cs_usage"; exit 0 ;;
  *) echo "$ac_cs_usage"; exit 1 ;;
  esac
done

ac_given_srcdir=.
ac_given_INSTALL="/usr/bin/install -c"

trap 'rm -fr makefile aconfig.h conftest*; exit 1' 1 2 15

# Protect against being on the right side of a sed subst in config.status.
sed 's/%@/@@/; s/@%/@@/; s/%g$/@g/; /@g$/s/[\\&%]/\\&/g;
 s/@@/%@/; s/@@/@%/; s/@g$/%g/' > conftest.subs <<\CEOF
/^[ 	]*VPATH[ 	]*=[^:]*$/d

s%@CFLAGS@%-O6 -m486 -fstrength-reduce -ffast-math -fomit-frame-pointer -fforce-mem -fforce-addr -funroll-loops  -I/usr/X11R6/include -I/usr/local/include -I../lzo-0.27/include%g
s%@CPPFLAGS@%%g
s%@CXXFLAGS@%%g
s%@DEFS@%-DHAVE_CONFIG_H%g
s%@LDFLAGS@%-O%g
s%@LIBS@%-lslang -lncurses -lm -lgpm -laa -llzo -laa    -L/usr/X11R6/lib -lX11 -L/usr/local/lib -L/usr/local/lib -L../lzo-0.27 -L../lzo-0.27%g
s%@exec_prefix@%${prefix}%g
s%@prefix@%/usr/local%g
s%@program_transform_name@%s,x,x,%g
s%@bindir@%${exec_prefix}/bin%g
s%@sbindir@%${exec_prefix}/sbin%g
s%@libexecdir@%${exec_prefix}/libexec%g
s%@datadir@%${prefix}/share%g
s%@sysconfdir@%${prefix}/etc%g
s%@sharedstatedir@%${prefix}/com%g
s%@localstatedir@%${prefix}/var%g
s%@libdir@%${exec_prefix}/lib%g
s%@includedir@%${prefix}/include%g
s%@oldincludedir@%/usr/include%g
s%@infodir@%${prefix}/info%g
s%@mandir@%${prefix}/man%g
s%@CC@%gcc%g
s%@INSTALL_PROGRAM@%${INSTALL}%g
s%@INSTALL_DATA@%${INSTALL} -m 644%g
s%@system@%Linux%g
s%@machine@%i586%g
s%@CPP@%gcc -E%g
s%@SET_MAKE@%%g
s%@X_CFLAGS@% -I/usr/X11R6/include%g
s%@X_PRE_LIBS@% -lSM -lICE%g
s%@X_LIBS@% -L/usr/X11R6/lib%g
s%@X_EXTRA_LIBS@%%g
s%@ALLOCA@%%g
s%@LIBOBJS@%%g

CEOF

# Split the substitutions into bite-sized pieces for seds with
# small command number limits, like on Digital OSF/1 and HP-UX.
ac_max_sed_cmds=90 # Maximum number of lines to put in a sed script.
ac_file=1 # Number of current file.
ac_beg=1 # First line for current file.
ac_end=$ac_max_sed_cmds # Line after last line for current file.
ac_more_lines=:
ac_sed_cmds=""
while $ac_more_lines; do
  if test $ac_beg -gt 1; then
    sed "1,${ac_beg}d; ${ac_end}q" conftest.subs > conftest.s$ac_file
  else
    sed "${ac_end}q" conftest.subs > conftest.s$ac_file
  fi
  if test ! -s conftest.s$ac_file; then
    ac_more_lines=false
    rm -f conftest.s$ac_file
  else
    if test -z "$ac_sed_cmds"; then
      ac_sed_cmds="sed -f conftest.s$ac_file"
    else
      ac_sed_cmds="$ac_sed_cmds | sed -f conftest.s$ac_file"
    fi
    ac_file=`expr $ac_file + 1`
    ac_beg=$ac_end
    ac_end=`expr $ac_end + $ac_max_sed_cmds`
  fi
done
if test -z "$ac_sed_cmds"; then
  ac_sed_cmds=cat
fi

CONFIG_FILES=${CONFIG_FILES-"makefile"}
for ac_file in .. $CONFIG_FILES; do if test "x$ac_file" != x..; then
  # Support "outfile[:infile[:infile...]]", defaulting infile="outfile.in".
  case "$ac_file" in
  *:*) ac_file_in=`echo "$ac_file"|sed 's%[^:]*:%%'`
       ac_file=`echo "$ac_file"|sed 's%:.*%%'` ;;
  *) ac_file_in="${ac_file}.in" ;;
  esac

  # Adjust a relative srcdir, top_srcdir, and INSTALL for subdirectories.

  # Remove last slash and all that follows it.  Not all systems have dirname.
  ac_dir=`echo $ac_file|sed 's%/[^/][^/]*$%%'`
  if test "$ac_dir" != "$ac_file" && test "$ac_dir" != .; then
    # The file is in a subdirectory.
    test ! -d "$ac_dir" && mkdir "$ac_dir"
    ac_dir_suffix="/`echo $ac_dir|sed 's%^\./%%'`"
    # A "../" for each directory in $ac_dir_suffix.
    ac_dots=`echo $ac_dir_suffix|sed 's%/[^/]*%../%g'`
  else
    ac_dir_suffix= ac_dots=
  fi

  case "$ac_given_srcdir" in
  .)  srcdir=.
      if test -z "$ac_dots"; then top_srcdir=.
      else top_srcdir=`echo $ac_dots|sed 's%/$%%'`; fi ;;
  /*) srcdir="$ac_given_srcdir$ac_dir_suffix"; top_srcdir="$ac_given_srcdir" ;;
  *) # Relative path.
    srcdir="$ac_dots$ac_given_srcdir$ac_dir_suffix"
    top_srcdir="$ac_dots$ac_given_srcdir" ;;
  esac

  case "$ac_given_INSTALL" in
  [/$]*) INSTALL="$ac_given_INSTALL" ;;
  *) INSTALL="$ac_dots$ac_given_INSTALL" ;;
  esac

  echo creating "$ac_file"
  rm -f "$ac_file"
  configure_input="Generated automatically from `echo $ac_file_in|sed 's%.*/%%'` by configure."
  case "$ac_file" in
  *Makefile*) ac_comsub="1i\\
# $configure_input" ;;
  *) ac_comsub= ;;
  esac

  ac_file_inputs=`echo $ac_file_in|sed -e "s%^%$ac_given_srcdir/%" -e "s%:% $ac_given_srcdir/%g"`
  sed -e "$ac_comsub
s%@configure_input@%$configure_input%g
s%@srcdir@%$srcdir%g
s%@top_srcdir@%$top_srcdir%g
s%@INSTALL@%$INSTALL%g
" $ac_file_inputs | (eval "$ac_sed_cmds") > $ac_file
fi; done
rm -f conftest.s*

# These sed commands are passed to sed as "A NAME B NAME C VALUE D", where
# NAME is the cpp macro being defined and VALUE is the value it is being given.
#
# ac_d sets the value in "#define NAME VALUE" lines.
ac_dA='s%^\([ 	]*\)#\([ 	]*define[ 	][ 	]*\)'
ac_dB='\([ 	][ 	]*\)[^ 	]*%\1#\2'
ac_dC='\3'
ac_dD='%g'
# ac_u turns "#undef NAME" with trailing blanks into "#define NAME VALUE".
ac_uA='s%^\([ 	]*\)#\([ 	]*\)undef\([ 	][ 	]*\)'
ac_uB='\([ 	]\)%\1#\2define\3'
ac_uC=' '
ac_uD='\4%g'
# ac_e turns "#undef NAME" without trailing blanks into "#define NAME VALUE".
ac_eA='s%^\([ 	]*\)#\([ 	]*\)undef\([ 	][ 	]*\)'
ac_eB='$%\1#\2define\3'
ac_eC=' '
ac_eD='%g'

if test "${CONFIG_HEADERS+set}" != set; then
  CONFIG_HEADERS="aconfig.h"
fi
for ac_file in .. $CONFIG_HEADERS; do if test "x$ac_file" != x..; then
  # Support "outfile[:infile[:infile...]]", defaulting infile="outfile.in".
  case "$ac_file" in
  *:*) ac_file_in=`echo "$ac_file"|sed 's%[^:]*:%%'`
       ac_file=`echo "$ac_file"|sed 's%:.*%%'` ;;
  *) ac_file_in="${ac_file}.in" ;;
  esac

  echo creating $ac_file

  rm -f conftest.frag conftest.in conftest.out
  ac_file_inputs=`echo $ac_file_in|sed -e "s%^%$ac_given_srcdir/%" -e "s%:% $ac_given_srcdir/%g"`
  cat $ac_file_inputs > conftest.in

  cat > conftest.frag <<CEOF
${ac_dA}STDC_HEADERS${ac_dB}STDC_HEADERS${ac_dC}1${ac_dD}
${ac_uA}STDC_HEADERS${ac_uB}STDC_HEADERS${ac_uC}1${ac_uD}
${ac_eA}STDC_HEADERS${ac_eB}STDC_HEADERS${ac_eC}1${ac_eD}
${ac_dA}HAVE_LIBAA${ac_dB}HAVE_LIBAA${ac_dC}1${ac_dD}
${ac_uA}HAVE_LIBAA${ac_uB}HAVE_LIBAA${ac_uC}1${ac_uD}
${ac_eA}HAVE_LIBAA${ac_eB}HAVE_LIBAA${ac_eC}1${ac_eD}
${ac_dA}HAVE_LIBLZO${ac_dB}HAVE_LIBLZO${ac_dC}1${ac_dD}
${ac_uA}HAVE_LIBLZO${ac_uB}HAVE_LIBLZO${ac_uC}1${ac_uD}
${ac_eA}HAVE_LIBLZO${ac_eB}HAVE_LIBLZO${ac_eC}1${ac_eD}
${ac_dA}HAVE_LIBAA${ac_dB}HAVE_LIBAA${ac_dC}1${ac_dD}
${ac_uA}HAVE_LIBAA${ac_uB}HAVE_LIBAA${ac_uC}1${ac_uD}
${ac_eA}HAVE_LIBAA${ac_eB}HAVE_LIBAA${ac_eC}1${ac_eD}
CEOF
  sed -f conftest.frag conftest.in > conftest.out
  rm -f conftest.in
  mv conftest.out conftest.in

  cat > conftest.frag <<CEOF
${ac_dA}HAVE_LIBGPM${ac_dB}HAVE_LIBGPM${ac_dC}1${ac_dD}
${ac_uA}HAVE_LIBGPM${ac_uB}HAVE_LIBGPM${ac_uC}1${ac_uD}
${ac_eA}HAVE_LIBGPM${ac_eB}HAVE_LIBGPM${ac_eC}1${ac_eD}
${ac_dA}HAVE_LIBM${ac_dB}HAVE_LIBM${ac_dC}1${ac_dD}
${ac_uA}HAVE_LIBM${ac_uB}HAVE_LIBM${ac_uC}1${ac_uD}
${ac_eA}HAVE_LIBM${ac_eB}HAVE_LIBM${ac_eC}1${ac_eD}
${ac_dA}HAVE_LIBNCURSES${ac_dB}HAVE_LIBNCURSES${ac_dC}1${ac_dD}
${ac_uA}HAVE_LIBNCURSES${ac_uB}HAVE_LIBNCURSES${ac_uC}1${ac_uD}
${ac_eA}HAVE_LIBNCURSES${ac_eB}HAVE_LIBNCURSES${ac_eC}1${ac_eD}
${ac_dA}HAVE_LIBSLANG${ac_dB}HAVE_LIBSLANG${ac_dC}1${ac_dD}
${ac_uA}HAVE_LIBSLANG${ac_uB}HAVE_LIBSLANG${ac_uC}1${ac_uD}
${ac_eA}HAVE_LIBSLANG${ac_eB}HAVE_LIBSLANG${ac_eC}1${ac_eD}
CEOF
  sed -f conftest.frag conftest.in > conftest.out
  rm -f conftest.in
  mv conftest.out conftest.in

  cat > conftest.frag <<CEOF
${ac_dA}STDC_HEADERS${ac_dB}STDC_HEADERS${ac_dC}1${ac_dD}
${ac_uA}STDC_HEADERS${ac_uB}STDC_HEADERS${ac_uC}1${ac_uD}
${ac_eA}STDC_HEADERS${ac_eB}STDC_HEADERS${ac_eC}1${ac_eD}
${ac_dA}HAVE_SYS_WAIT_H${ac_dB}HAVE_SYS_WAIT_H${ac_dC}1${ac_dD}
${ac_uA}HAVE_SYS_WAIT_H${ac_uB}HAVE_SYS_WAIT_H${ac_uC}1${ac_uD}
${ac_eA}HAVE_SYS_WAIT_H${ac_eB}HAVE_SYS_WAIT_H${ac_eC}1${ac_eD}
${ac_dA}HAVE_FCNTL_H${ac_dB}HAVE_FCNTL_H${ac_dC}1${ac_dD}
${ac_uA}HAVE_FCNTL_H${ac_uB}HAVE_FCNTL_H${ac_uC}1${ac_uD}
${ac_eA}HAVE_FCNTL_H${ac_eB}HAVE_FCNTL_H${ac_eC}1${ac_eD}
${ac_dA}HAVE_LIMITS_H${ac_dB}HAVE_LIMITS_H${ac_dC}1${ac_dD}
${ac_uA}HAVE_LIMITS_H${ac_uB}HAVE_LIMITS_H${ac_uC}1${ac_uD}
${ac_eA}HAVE_LIMITS_H${ac_eB}HAVE_LIMITS_H${ac_eC}1${ac_eD}
CEOF
  sed -f conftest.frag conftest.in > conftest.out
  rm -f conftest.in
  mv conftest.out conftest.in

  cat > conftest.frag <<CEOF
${ac_dA}HAVE_MALLOC_H${ac_dB}HAVE_MALLOC_H${ac_dC}1${ac_dD}
${ac_uA}HAVE_MALLOC_H${ac_uB}HAVE_MALLOC_H${ac_uC}1${ac_uD}
${ac_eA}HAVE_MALLOC_H${ac_eB}HAVE_MALLOC_H${ac_eC}1${ac_eD}
${ac_dA}HAVE_SYS_IOCTL_H${ac_dB}HAVE_SYS_IOCTL_H${ac_dC}1${ac_dD}
${ac_uA}HAVE_SYS_IOCTL_H${ac_uB}HAVE_SYS_IOCTL_H${ac_uC}1${ac_uD}
${ac_eA}HAVE_SYS_IOCTL_H${ac_eB}HAVE_SYS_IOCTL_H${ac_eC}1${ac_eD}
${ac_dA}HAVE_SYS_TIME_H${ac_dB}HAVE_SYS_TIME_H${ac_dC}1${ac_dD}
${ac_uA}HAVE_SYS_TIME_H${ac_uB}HAVE_SYS_TIME_H${ac_uC}1${ac_uD}
${ac_eA}HAVE_SYS_TIME_H${ac_eB}HAVE_SYS_TIME_H${ac_eC}1${ac_eD}
${ac_dA}HAVE_UNISTD_H${ac_dB}HAVE_UNISTD_H${ac_dC}1${ac_dD}
${ac_uA}HAVE_UNISTD_H${ac_uB}HAVE_UNISTD_H${ac_uC}1${ac_uD}
${ac_eA}HAVE_UNISTD_H${ac_eB}HAVE_UNISTD_H${ac_eC}1${ac_eD}
CEOF
  sed -f conftest.frag conftest.in > conftest.out
  rm -f conftest.in
  mv conftest.out conftest.in

  cat > conftest.frag <<CEOF
${ac_dA}TIME_WITH_SYS_TIME${ac_dB}TIME_WITH_SYS_TIME${ac_dC}1${ac_dD}
${ac_uA}TIME_WITH_SYS_TIME${ac_uB}TIME_WITH_SYS_TIME${ac_uC}1${ac_uD}
${ac_eA}TIME_WITH_SYS_TIME${ac_eB}TIME_WITH_SYS_TIME${ac_eC}1${ac_eD}
${ac_dA}HAVE_ALLOCA_H${ac_dB}HAVE_ALLOCA_H${ac_dC}1${ac_dD}
${ac_uA}HAVE_ALLOCA_H${ac_uB}HAVE_ALLOCA_H${ac_uC}1${ac_uD}
${ac_eA}HAVE_ALLOCA_H${ac_eB}HAVE_ALLOCA_H${ac_eC}1${ac_eD}
${ac_dA}HAVE_ALLOCA${ac_dB}HAVE_ALLOCA${ac_dC}1${ac_dD}
${ac_uA}HAVE_ALLOCA${ac_uB}HAVE_ALLOCA${ac_uC}1${ac_uD}
${ac_eA}HAVE_ALLOCA${ac_eB}HAVE_ALLOCA${ac_eC}1${ac_eD}
${ac_dA}RETSIGTYPE${ac_dB}RETSIGTYPE${ac_dC}void${ac_dD}
${ac_uA}RETSIGTYPE${ac_uB}RETSIGTYPE${ac_uC}void${ac_uD}
${ac_eA}RETSIGTYPE${ac_eB}RETSIGTYPE${ac_eC}void${ac_eD}
CEOF
  sed -f conftest.frag conftest.in > conftest.out
  rm -f conftest.in
  mv conftest.out conftest.in

  cat > conftest.frag <<CEOF
${ac_dA}HAVE_FTIME${ac_dB}HAVE_FTIME${ac_dC}1${ac_dD}
${ac_uA}HAVE_FTIME${ac_uB}HAVE_FTIME${ac_uC}1${ac_uD}
${ac_eA}HAVE_FTIME${ac_eB}HAVE_FTIME${ac_eC}1${ac_eD}
${ac_dA}HAVE_GETTIMEOFDAY${ac_dB}HAVE_GETTIMEOFDAY${ac_dC}1${ac_dD}
${ac_uA}HAVE_GETTIMEOFDAY${ac_uB}HAVE_GETTIMEOFDAY${ac_uC}1${ac_uD}
${ac_eA}HAVE_GETTIMEOFDAY${ac_eB}HAVE_GETTIMEOFDAY${ac_eC}1${ac_eD}
${ac_dA}HAVE_SELECT${ac_dB}HAVE_SELECT${ac_dC}1${ac_dD}
${ac_uA}HAVE_SELECT${ac_uB}HAVE_SELECT${ac_uC}1${ac_uD}
${ac_eA}HAVE_SELECT${ac_eB}HAVE_SELECT${ac_eC}1${ac_eD}
${ac_dA}HAVE_STRDUP${ac_dB}HAVE_STRDUP${ac_dC}1${ac_dD}
${ac_uA}HAVE_STRDUP${ac_uB}HAVE_STRDUP${ac_uC}1${ac_uD}
${ac_eA}HAVE_STRDUP${ac_eB}HAVE_STRDUP${ac_eC}1${ac_eD}
CEOF
  sed -f conftest.frag conftest.in > conftest.out
  rm -f conftest.in
  mv conftest.out conftest.in

  cat > conftest.frag <<CEOF
${ac_dA}HAVE_STRSTR${ac_dB}HAVE_STRSTR${ac_dC}1${ac_dD}
${ac_uA}HAVE_STRSTR${ac_uB}HAVE_STRSTR${ac_uC}1${ac_uD}
${ac_eA}HAVE_STRSTR${ac_eB}HAVE_STRSTR${ac_eC}1${ac_eD}
${ac_dA}HAVE_STRTOL${ac_dB}HAVE_STRTOL${ac_dC}1${ac_dD}
${ac_uA}HAVE_STRTOL${ac_uB}HAVE_STRTOL${ac_uC}1${ac_uD}
${ac_eA}HAVE_STRTOL${ac_eB}HAVE_STRTOL${ac_eC}1${ac_eD}
s%^[ 	]*#[ 	]*undef[ 	][ 	]*[a-zA-Z_][a-zA-Z_0-9]*%/* & */%
CEOF
  sed -f conftest.frag conftest.in > conftest.out
  rm -f conftest.in
  mv conftest.out conftest.in

  rm -f conftest.frag conftest.h
  echo "/* $ac_file.  Generated automatically by configure.  */" > conftest.h
  cat conftest.in >> conftest.h
  rm -f conftest.in
  if cmp -s $ac_file conftest.h 2>/dev/null; then
    echo "$ac_file is unchanged"
    rm -f conftest.h
  else
    # Remove last slash and all that follows it.  Not all systems have dirname.
      ac_dir=`echo $ac_file|sed 's%/[^/][^/]*$%%'`
      if test "$ac_dir" != "$ac_file" && test "$ac_dir" != .; then
      # The file is in a subdirectory.
      test ! -d "$ac_dir" && mkdir "$ac_dir"
    fi
    rm -f $ac_file
    mv conftest.h $ac_file
  fi
fi; done



exit 0
